<?xml version="1.0" encoding="UTF-8"?>
<!-- Generated by org.testng.reporters.JUnitReportReporter -->
<testsuite hostname="DESKTOP-HFP7JPI" failures="0" tests="1" name="TestRunner.Runner" time="6.434" errors="0" timestamp="29 Aug 2023 14:44:02 GMT" skipped="0">
  <testcase classname="TestRunner.Runner" name="runScenario" time="6.434"/>
</testsuite> <!-- TestRunner.Runner -->
